{"/Users/liubin/Projects/nodejs/sync-sqlite/lib/record.js":{"path":"/Users/liubin/Projects/nodejs/sync-sqlite/lib/record.js","s":{"1":1,"2":9,"3":193,"4":9,"5":1,"6":9,"7":9,"8":1,"9":1,"10":0,"11":1,"12":4,"13":4,"14":8,"15":4,"16":1,"17":1,"18":0,"19":1,"20":4,"21":8,"22":1,"23":8,"24":1,"25":7,"26":7,"27":2,"28":2,"29":7,"30":0,"31":7,"32":2,"33":5,"34":24,"35":24,"36":133,"37":15,"38":133,"39":24,"40":5,"41":1,"42":4,"43":2,"44":2,"45":1},"b":{"1":[0,1],"2":[0,1],"3":[1,7],"4":[2,5],"5":[0,7],"6":[15,118],"7":[2,2]},"f":{"1":9,"2":193,"3":1,"4":9,"5":1,"6":1,"7":8,"8":7,"9":24,"10":133,"11":4},"fnMap":{"1":{"name":"RecordSet","line":13,"loc":{"start":{"line":13,"column":0},"end":{"line":13,"column":30}}},"2":{"name":"(anonymous_2)","line":15,"loc":{"start":{"line":15,"column":13},"end":{"line":15,"column":24}}},"3":{"name":"(anonymous_3)","line":22,"loc":{"start":{"line":22,"column":13},"end":{"line":22,"column":24}}},"4":{"name":"(anonymous_4)","line":29,"loc":{"start":{"line":29,"column":13},"end":{"line":29,"column":24}}},"5":{"name":"(anonymous_5)","line":35,"loc":{"start":{"line":35,"column":30},"end":{"line":35,"column":49}}},"6":{"name":"(anonymous_6)","line":48,"loc":{"start":{"line":48,"column":27},"end":{"line":48,"column":46}}},"7":{"name":"(anonymous_7)","line":58,"loc":{"start":{"line":58,"column":29},"end":{"line":58,"column":45}}},"8":{"name":"(anonymous_8)","line":65,"loc":{"start":{"line":65,"column":40},"end":{"line":65,"column":63}}},"9":{"name":"(anonymous_9)","line":72,"loc":{"start":{"line":72,"column":33},"end":{"line":72,"column":50}}},"10":{"name":"(anonymous_10)","line":74,"loc":{"start":{"line":74,"column":27},"end":{"line":74,"column":46}}},"11":{"name":"(anonymous_11)","line":85,"loc":{"start":{"line":85,"column":30},"end":{"line":85,"column":46}}}},"statementMap":{"1":{"start":{"line":13,"column":0},"end":{"line":33,"column":1}},"2":{"start":{"line":14,"column":4},"end":{"line":18,"column":7}},"3":{"start":{"line":16,"column":12},"end":{"line":16,"column":24}},"4":{"start":{"line":20,"column":4},"end":{"line":25,"column":7}},"5":{"start":{"line":23,"column":12},"end":{"line":23,"column":23}},"6":{"start":{"line":27,"column":4},"end":{"line":32,"column":7}},"7":{"start":{"line":30,"column":12},"end":{"line":30,"column":38}},"8":{"start":{"line":35,"column":0},"end":{"line":46,"column":2}},"9":{"start":{"line":36,"column":4},"end":{"line":36,"column":49}},"10":{"start":{"line":36,"column":42},"end":{"line":36,"column":49}},"11":{"start":{"line":38,"column":4},"end":{"line":45,"column":5}},"12":{"start":{"line":39,"column":8},"end":{"line":39,"column":22}},"13":{"start":{"line":40,"column":8},"end":{"line":42,"column":9}},"14":{"start":{"line":41,"column":12},"end":{"line":41,"column":69}},"15":{"start":{"line":44,"column":8},"end":{"line":44,"column":43}},"16":{"start":{"line":48,"column":0},"end":{"line":56,"column":2}},"17":{"start":{"line":49,"column":4},"end":{"line":49,"column":49}},"18":{"start":{"line":49,"column":42},"end":{"line":49,"column":49}},"19":{"start":{"line":51,"column":4},"end":{"line":55,"column":5}},"20":{"start":{"line":52,"column":8},"end":{"line":54,"column":9}},"21":{"start":{"line":53,"column":12},"end":{"line":53,"column":97}},"22":{"start":{"line":58,"column":0},"end":{"line":83,"column":2}},"23":{"start":{"line":59,"column":4},"end":{"line":59,"column":38}},"24":{"start":{"line":59,"column":26},"end":{"line":59,"column":38}},"25":{"start":{"line":61,"column":4},"end":{"line":61,"column":30}},"26":{"start":{"line":63,"column":4},"end":{"line":82,"column":5}},"27":{"start":{"line":64,"column":8},"end":{"line":64,"column":22}},"28":{"start":{"line":65,"column":8},"end":{"line":68,"column":11}},"29":{"start":{"line":66,"column":12},"end":{"line":66,"column":77}},"30":{"start":{"line":66,"column":53},"end":{"line":66,"column":77}},"31":{"start":{"line":67,"column":12},"end":{"line":67,"column":50}},"32":{"start":{"line":70,"column":8},"end":{"line":70,"column":20}},"33":{"start":{"line":72,"column":8},"end":{"line":80,"column":11}},"34":{"start":{"line":73,"column":12},"end":{"line":73,"column":26}},"35":{"start":{"line":74,"column":12},"end":{"line":77,"column":15}},"36":{"start":{"line":75,"column":16},"end":{"line":75,"column":81}},"37":{"start":{"line":75,"column":57},"end":{"line":75,"column":81}},"38":{"start":{"line":76,"column":16},"end":{"line":76,"column":50}},"39":{"start":{"line":79,"column":12},"end":{"line":79,"column":27}},"40":{"start":{"line":81,"column":8},"end":{"line":81,"column":19}},"41":{"start":{"line":85,"column":0},"end":{"line":91,"column":2}},"42":{"start":{"line":86,"column":4},"end":{"line":90,"column":5}},"43":{"start":{"line":87,"column":8},"end":{"line":87,"column":39}},"44":{"start":{"line":89,"column":8},"end":{"line":89,"column":32}},"45":{"start":{"line":93,"column":0},"end":{"line":93,"column":27}}},"branchMap":{"1":{"line":36,"type":"if","locations":[{"start":{"line":36,"column":4},"end":{"line":36,"column":4}},{"start":{"line":36,"column":4},"end":{"line":36,"column":4}}]},"2":{"line":49,"type":"if","locations":[{"start":{"line":49,"column":4},"end":{"line":49,"column":4}},{"start":{"line":49,"column":4},"end":{"line":49,"column":4}}]},"3":{"line":59,"type":"if","locations":[{"start":{"line":59,"column":4},"end":{"line":59,"column":4}},{"start":{"line":59,"column":4},"end":{"line":59,"column":4}}]},"4":{"line":63,"type":"if","locations":[{"start":{"line":63,"column":4},"end":{"line":63,"column":4}},{"start":{"line":63,"column":4},"end":{"line":63,"column":4}}]},"5":{"line":66,"type":"if","locations":[{"start":{"line":66,"column":12},"end":{"line":66,"column":12}},{"start":{"line":66,"column":12},"end":{"line":66,"column":12}}]},"6":{"line":75,"type":"if","locations":[{"start":{"line":75,"column":16},"end":{"line":75,"column":16}},{"start":{"line":75,"column":16},"end":{"line":75,"column":16}}]},"7":{"line":86,"type":"if","locations":[{"start":{"line":86,"column":4},"end":{"line":86,"column":4}},{"start":{"line":86,"column":4},"end":{"line":86,"column":4}}]}}},"/Users/liubin/Projects/nodejs/sync-sqlite/lib/sqlite.js":{"path":"/Users/liubin/Projects/nodejs/sync-sqlite/lib/sqlite.js","s":{"1":1,"2":1,"3":1,"4":1,"5":1,"6":1,"7":4,"8":4,"9":4,"10":4,"11":1,"12":4,"13":4,"14":4,"15":2,"16":2,"17":2,"18":2,"19":4,"20":4,"21":0,"22":1,"23":2,"24":0,"25":2,"26":2,"27":2,"28":2,"29":1,"30":3,"31":3,"32":1,"33":0,"34":1,"35":3,"36":3,"37":1,"38":3,"39":1,"40":2,"41":2,"42":1,"43":1,"44":1,"45":1,"46":1,"47":1,"48":0,"49":1,"50":1,"51":0,"52":1,"53":0,"54":1,"55":1,"56":0,"57":1,"58":12,"59":6,"60":6,"61":6,"62":0,"63":6,"64":5,"65":1,"66":6,"67":6,"68":1,"69":13,"70":13,"71":13,"72":3,"73":3,"74":3,"75":3,"76":3,"77":10,"78":7,"79":7,"80":7,"81":3,"82":3,"83":3,"84":3,"85":3,"86":3,"87":0,"88":1,"89":3,"90":3,"91":3,"92":3,"93":3,"94":3,"95":3,"96":3,"97":3,"98":0,"99":0,"100":0,"101":0,"102":0,"103":0,"104":0,"105":0,"106":0,"107":0,"108":0,"109":0,"110":0,"111":0,"112":3,"113":3,"114":3,"115":0,"116":0,"117":0,"118":0,"119":0,"120":0,"121":0,"122":3,"123":3,"124":3,"125":3,"126":3,"127":3,"128":3,"129":3,"130":3,"131":3,"132":3,"133":3,"134":3,"135":1,"136":2,"137":2,"138":0,"139":0,"140":2,"141":2,"142":2,"143":2,"144":0,"145":1,"146":1,"147":1,"148":1,"149":1,"150":1,"151":1,"152":1,"153":1,"154":1,"155":1,"156":1,"157":1,"158":1,"159":0,"160":0,"161":1,"162":1,"163":2,"164":1,"165":1,"166":1,"167":9,"168":9,"169":3,"170":3,"171":3,"172":3,"173":3,"174":9,"175":4,"176":9,"177":2,"178":9,"179":2,"180":9,"181":9,"182":4,"183":1,"184":4,"185":4,"186":4,"187":4,"188":2,"189":4,"190":3,"191":4,"192":3,"193":3,"194":18,"195":0,"196":18,"197":18,"198":18,"199":3,"200":15,"201":3,"202":12,"203":3,"204":9,"205":9,"206":0,"207":3,"208":3,"209":3,"210":2,"211":2,"212":4,"213":0,"214":4,"215":4,"216":2,"217":2,"218":2,"219":0,"220":0,"221":0,"222":0,"223":0,"224":2,"225":2,"226":2,"227":2,"228":2,"229":9,"230":9,"231":0,"232":9,"233":1,"234":2,"235":2,"236":1,"237":2,"238":2,"239":2,"240":1,"241":1,"242":1,"243":1,"244":1,"245":9,"246":0,"247":1,"248":0,"249":0,"250":0,"251":1,"252":0,"253":0,"254":0,"255":1,"256":7,"257":7,"258":1,"259":7,"260":8,"261":8,"262":8,"263":7,"264":1,"265":11,"266":11,"267":11,"268":11,"269":11,"270":5,"271":6,"272":6,"273":6,"274":6,"275":12,"276":6,"277":6,"278":6,"279":6,"280":6,"281":6,"282":42,"283":42,"284":42,"285":42,"286":5,"287":5,"288":5,"289":5,"290":42,"291":6,"292":6,"293":6,"294":1,"295":8,"296":8,"297":8,"298":8,"299":8,"300":8,"301":8,"302":8,"303":1,"304":7,"305":7,"306":7,"307":1,"308":1,"309":6,"310":6,"311":6,"312":6,"313":6,"314":6,"315":9,"316":9,"317":5,"318":5,"319":5,"320":4,"321":6,"322":6,"323":14,"324":0,"325":0,"326":14,"327":14,"328":14,"329":14,"330":7,"331":7,"332":7,"333":6,"334":7,"335":1,"336":3,"337":6,"338":7,"339":3,"340":4,"341":24,"342":4,"343":6,"344":0,"345":6,"346":6,"347":37,"348":37,"349":37,"350":8,"351":8,"352":6,"353":2,"354":4,"355":4,"356":4,"357":8,"358":4,"359":4,"360":4,"361":4,"362":4,"363":4,"364":4,"365":6,"366":6,"367":1,"368":1},"b":{"1":[4,0],"2":[4,0],"3":[4,0],"4":[2,2],"5":[4,4],"6":[0,2],"7":[2,0],"8":[0,1],"9":[1,0],"10":[6,6],"11":[0,6],"12":[5,1],"13":[6,0],"14":[3,10],"15":[3,0],"16":[7,3],"17":[3,0],"18":[3,0],"19":[3,0],"20":[3,0],"21":[0,3],"22":[0,0],"23":[0,0],"24":[3,0],"25":[0,0],"26":[0,0],"27":[3,0],"28":[0,2],"29":[1,0],"30":[1,0],"31":[0,1],"32":[1,1],"33":[3,6],"34":[4,5],"35":[9,4],"36":[2,7],"37":[9,2],"38":[2,7],"39":[9,2],"40":[3,4,3,2],"41":[1,3],"42":[4,1],"43":[4,0],"44":[2,2],"45":[3,1],"46":[0,18],"47":[3,15],"48":[3,12],"49":[3,9],"50":[2,1],"51":[9,0],"52":[0,4],"53":[2,2],"54":[2,0],"55":[0,0],"56":[0,0],"57":[0,0],"58":[2,0],"59":[2,0],"60":[2,0],"61":[2,0],"62":[0,9],"63":[1,6],"64":[6,1],"65":[5,6],"66":[11,9],"67":[6,6],"68":[0,5,0,5],"69":[1,7],"70":[8,7,7,7],"71":[1,6],"72":[5,4],"73":[0,14],"74":[7,7],"75":[6,1],"76":[1,6],"77":[3,4],"78":[0,6],"79":[37,0],"80":[37,37],"81":[8,29],"82":[37,37],"83":[2,4]},"f":{"1":4,"2":4,"3":2,"4":3,"5":0,"6":3,"7":3,"8":2,"9":1,"10":1,"11":0,"12":1,"13":0,"14":12,"15":13,"16":3,"17":0,"18":0,"19":0,"20":2,"21":1,"22":1,"23":1,"24":2,"25":9,"26":0,"27":2,"28":2,"29":1,"30":9,"31":0,"32":0,"33":7,"34":8,"35":11,"36":12,"37":6,"38":42,"39":8,"40":9,"41":14,"42":3,"43":4,"44":24,"45":0,"46":37,"47":2},"fnMap":{"1":{"name":"(anonymous_1)","line":18,"loc":{"start":{"line":18,"column":30},"end":{"line":18,"column":48}}},"2":{"name":"(anonymous_2)","line":31,"loc":{"start":{"line":31,"column":27},"end":{"line":31,"column":38}}},"3":{"name":"(anonymous_3)","line":57,"loc":{"start":{"line":57,"column":25},"end":{"line":57,"column":42}}},"4":{"name":"(anonymous_4)","line":77,"loc":{"start":{"line":77,"column":26},"end":{"line":77,"column":73}}},"5":{"name":"(anonymous_5)","line":90,"loc":{"start":{"line":90,"column":23},"end":{"line":90,"column":62}}},"6":{"name":"(anonymous_6)","line":100,"loc":{"start":{"line":100,"column":26},"end":{"line":100,"column":51}}},"7":{"name":"(anonymous_7)","line":110,"loc":{"start":{"line":110,"column":23},"end":{"line":110,"column":40}}},"8":{"name":"(anonymous_8)","line":121,"loc":{"start":{"line":121,"column":26},"end":{"line":121,"column":58}}},"9":{"name":"(anonymous_9)","line":132,"loc":{"start":{"line":132,"column":23},"end":{"line":132,"column":47}}},"10":{"name":"(anonymous_10)","line":145,"loc":{"start":{"line":145,"column":26},"end":{"line":145,"column":71}}},"11":{"name":"(anonymous_11)","line":158,"loc":{"start":{"line":158,"column":23},"end":{"line":158,"column":60}}},"12":{"name":"(anonymous_12)","line":167,"loc":{"start":{"line":167,"column":52},"end":{"line":167,"column":66}}},"13":{"name":"(anonymous_13)","line":169,"loc":{"start":{"line":169,"column":20},"end":{"line":169,"column":31}}},"14":{"name":"(anonymous_14)","line":186,"loc":{"start":{"line":186,"column":27},"end":{"line":186,"column":41}}},"15":{"name":"(anonymous_15)","line":212,"loc":{"start":{"line":212,"column":25},"end":{"line":212,"column":45}}},"16":{"name":"(anonymous_16)","line":254,"loc":{"start":{"line":254,"column":24},"end":{"line":254,"column":59}}},"17":{"name":"(anonymous_17)","line":281,"loc":{"start":{"line":281,"column":40},"end":{"line":281,"column":56}}},"18":{"name":"(anonymous_18)","line":294,"loc":{"start":{"line":294,"column":27},"end":{"line":294,"column":43}}},"19":{"name":"(anonymous_19)","line":311,"loc":{"start":{"line":311,"column":35},"end":{"line":311,"column":49}}},"20":{"name":"(anonymous_20)","line":360,"loc":{"start":{"line":360,"column":31},"end":{"line":360,"column":55}}},"21":{"name":"(anonymous_21)","line":383,"loc":{"start":{"line":383,"column":30},"end":{"line":383,"column":46}}},"22":{"name":"(anonymous_22)","line":400,"loc":{"start":{"line":400,"column":31},"end":{"line":400,"column":47}}},"23":{"name":"(anonymous_23)","line":415,"loc":{"start":{"line":415,"column":32},"end":{"line":415,"column":56}}},"24":{"name":"(anonymous_24)","line":424,"loc":{"start":{"line":424,"column":19},"end":{"line":424,"column":35}}},"25":{"name":"(anonymous_25)","line":443,"loc":{"start":{"line":443,"column":30},"end":{"line":443,"column":85}}},"26":{"name":"(anonymous_26)","line":554,"loc":{"start":{"line":554,"column":20},"end":{"line":554,"column":31}}},"27":{"name":"(anonymous_27)","line":564,"loc":{"start":{"line":564,"column":29},"end":{"line":564,"column":49}}},"28":{"name":"(anonymous_28)","line":574,"loc":{"start":{"line":574,"column":29},"end":{"line":574,"column":45}}},"29":{"name":"(anonymous_29)","line":586,"loc":{"start":{"line":586,"column":30},"end":{"line":586,"column":41}}},"30":{"name":"(anonymous_30)","line":598,"loc":{"start":{"line":598,"column":32},"end":{"line":598,"column":43}}},"31":{"name":"(anonymous_31)","line":605,"loc":{"start":{"line":605,"column":24},"end":{"line":605,"column":35}}},"32":{"name":"(anonymous_32)","line":614,"loc":{"start":{"line":614,"column":25},"end":{"line":614,"column":36}}},"33":{"name":"resultToRecord","line":620,"loc":{"start":{"line":620,"column":0},"end":{"line":620,"column":45}}},"34":{"name":"(anonymous_34)","line":627,"loc":{"start":{"line":627,"column":19},"end":{"line":627,"column":33}}},"35":{"name":"getSchemas","line":641,"loc":{"start":{"line":641,"column":0},"end":{"line":641,"column":43}}},"36":{"name":"(anonymous_36)","line":654,"loc":{"start":{"line":654,"column":23},"end":{"line":654,"column":39}}},"37":{"name":"(anonymous_37)","line":661,"loc":{"start":{"line":661,"column":19},"end":{"line":661,"column":35}}},"38":{"name":"(anonymous_38)","line":665,"loc":{"start":{"line":665,"column":27},"end":{"line":665,"column":43}}},"39":{"name":"formatValues","line":697,"loc":{"start":{"line":697,"column":0},"end":{"line":697,"column":43}}},"40":{"name":"(anonymous_40)","line":725,"loc":{"start":{"line":725,"column":19},"end":{"line":725,"column":38}}},"41":{"name":"(anonymous_41)","line":740,"loc":{"start":{"line":740,"column":19},"end":{"line":740,"column":35}}},"42":{"name":"(anonymous_42)","line":758,"loc":{"start":{"line":758,"column":51},"end":{"line":758,"column":67}}},"43":{"name":"(anonymous_43)","line":772,"loc":{"start":{"line":772,"column":31},"end":{"line":772,"column":47}}},"44":{"name":"(anonymous_44)","line":773,"loc":{"start":{"line":773,"column":55},"end":{"line":773,"column":71}}},"45":{"name":"(anonymous_45)","line":790,"loc":{"start":{"line":790,"column":17},"end":{"line":790,"column":28}}},"46":{"name":"(anonymous_46)","line":793,"loc":{"start":{"line":793,"column":24},"end":{"line":793,"column":39}}},"47":{"name":"(anonymous_47)","line":804,"loc":{"start":{"line":804,"column":21},"end":{"line":804,"column":32}}}},"statementMap":{"1":{"start":{"line":7,"column":0},"end":{"line":7,"column":23}},"2":{"start":{"line":8,"column":0},"end":{"line":8,"column":27}},"3":{"start":{"line":9,"column":0},"end":{"line":9,"column":31}},"4":{"start":{"line":10,"column":0},"end":{"line":10,"column":33}},"5":{"start":{"line":11,"column":0},"end":{"line":11,"column":36}},"6":{"start":{"line":18,"column":0},"end":{"line":25,"column":2}},"7":{"start":{"line":19,"column":4},"end":{"line":19,"column":34}},"8":{"start":{"line":20,"column":4},"end":{"line":20,"column":45}},"9":{"start":{"line":22,"column":4},"end":{"line":24,"column":5}},"10":{"start":{"line":23,"column":8},"end":{"line":23,"column":66}},"11":{"start":{"line":31,"column":0},"end":{"line":50,"column":2}},"12":{"start":{"line":32,"column":4},"end":{"line":49,"column":5}},"13":{"start":{"line":33,"column":8},"end":{"line":44,"column":9}},"14":{"start":{"line":34,"column":12},"end":{"line":41,"column":13}},"15":{"start":{"line":35,"column":16},"end":{"line":35,"column":67}},"16":{"start":{"line":36,"column":16},"end":{"line":36,"column":58}},"17":{"start":{"line":38,"column":16},"end":{"line":38,"column":62}},"18":{"start":{"line":40,"column":16},"end":{"line":40,"column":52}},"19":{"start":{"line":43,"column":12},"end":{"line":43,"column":28}},"20":{"start":{"line":46,"column":8},"end":{"line":46,"column":20}},"21":{"start":{"line":48,"column":8},"end":{"line":48,"column":67}},"22":{"start":{"line":57,"column":0},"end":{"line":66,"column":2}},"23":{"start":{"line":58,"column":4},"end":{"line":60,"column":5}},"24":{"start":{"line":59,"column":8},"end":{"line":59,"column":57}},"25":{"start":{"line":62,"column":4},"end":{"line":62,"column":54}},"26":{"start":{"line":62,"column":36},"end":{"line":62,"column":54}},"27":{"start":{"line":64,"column":4},"end":{"line":64,"column":25}},"28":{"start":{"line":65,"column":4},"end":{"line":65,"column":16}},"29":{"start":{"line":77,"column":0},"end":{"line":80,"column":2}},"30":{"start":{"line":78,"column":4},"end":{"line":78,"column":78}},"31":{"start":{"line":79,"column":4},"end":{"line":79,"column":30}},"32":{"start":{"line":90,"column":0},"end":{"line":92,"column":2}},"33":{"start":{"line":91,"column":4},"end":{"line":91,"column":66}},"34":{"start":{"line":100,"column":0},"end":{"line":103,"column":2}},"35":{"start":{"line":101,"column":4},"end":{"line":101,"column":56}},"36":{"start":{"line":102,"column":4},"end":{"line":102,"column":30}},"37":{"start":{"line":110,"column":0},"end":{"line":112,"column":2}},"38":{"start":{"line":111,"column":4},"end":{"line":111,"column":44}},"39":{"start":{"line":121,"column":0},"end":{"line":124,"column":2}},"40":{"start":{"line":122,"column":4},"end":{"line":122,"column":63}},"41":{"start":{"line":123,"column":4},"end":{"line":123,"column":30}},"42":{"start":{"line":132,"column":0},"end":{"line":134,"column":2}},"43":{"start":{"line":133,"column":4},"end":{"line":133,"column":51}},"44":{"start":{"line":145,"column":0},"end":{"line":148,"column":2}},"45":{"start":{"line":146,"column":4},"end":{"line":146,"column":76}},"46":{"start":{"line":147,"column":4},"end":{"line":147,"column":30}},"47":{"start":{"line":158,"column":0},"end":{"line":160,"column":2}},"48":{"start":{"line":159,"column":4},"end":{"line":159,"column":64}},"49":{"start":{"line":167,"column":0},"end":{"line":179,"column":2}},"50":{"start":{"line":169,"column":4},"end":{"line":169,"column":46}},"51":{"start":{"line":169,"column":33},"end":{"line":169,"column":44}},"52":{"start":{"line":172,"column":4},"end":{"line":178,"column":5}},"53":{"start":{"line":173,"column":8},"end":{"line":173,"column":34}},"54":{"start":{"line":174,"column":11},"end":{"line":178,"column":5}},"55":{"start":{"line":175,"column":8},"end":{"line":175,"column":34}},"56":{"start":{"line":177,"column":8},"end":{"line":177,"column":34}},"57":{"start":{"line":186,"column":0},"end":{"line":203,"column":2}},"58":{"start":{"line":188,"column":4},"end":{"line":202,"column":5}},"59":{"start":{"line":189,"column":8},"end":{"line":189,"column":43}},"60":{"start":{"line":190,"column":8},"end":{"line":190,"column":36}},"61":{"start":{"line":192,"column":8},"end":{"line":198,"column":9}},"62":{"start":{"line":193,"column":12},"end":{"line":193,"column":22}},"63":{"start":{"line":194,"column":15},"end":{"line":198,"column":9}},"64":{"start":{"line":195,"column":12},"end":{"line":195,"column":33}},"65":{"start":{"line":197,"column":12},"end":{"line":197,"column":30}},"66":{"start":{"line":200,"column":8},"end":{"line":200,"column":29}},"67":{"start":{"line":201,"column":8},"end":{"line":201,"column":37}},"68":{"start":{"line":212,"column":0},"end":{"line":240,"column":2}},"69":{"start":{"line":213,"column":4},"end":{"line":239,"column":5}},"70":{"start":{"line":214,"column":8},"end":{"line":214,"column":27}},"71":{"start":{"line":215,"column":8},"end":{"line":236,"column":9}},"72":{"start":{"line":216,"column":12},"end":{"line":216,"column":33}},"73":{"start":{"line":217,"column":12},"end":{"line":217,"column":73}},"74":{"start":{"line":218,"column":12},"end":{"line":218,"column":42}},"75":{"start":{"line":219,"column":12},"end":{"line":219,"column":41}},"76":{"start":{"line":220,"column":12},"end":{"line":223,"column":13}},"77":{"start":{"line":224,"column":15},"end":{"line":236,"column":9}},"78":{"start":{"line":225,"column":12},"end":{"line":225,"column":40}},"79":{"start":{"line":226,"column":12},"end":{"line":226,"column":64}},"80":{"start":{"line":227,"column":12},"end":{"line":227,"column":22}},"81":{"start":{"line":228,"column":15},"end":{"line":236,"column":9}},"82":{"start":{"line":229,"column":12},"end":{"line":229,"column":33}},"83":{"start":{"line":230,"column":12},"end":{"line":230,"column":46}},"84":{"start":{"line":231,"column":12},"end":{"line":231,"column":42}},"85":{"start":{"line":232,"column":12},"end":{"line":232,"column":41}},"86":{"start":{"line":233,"column":12},"end":{"line":235,"column":13}},"87":{"start":{"line":238,"column":8},"end":{"line":238,"column":76}},"88":{"start":{"line":254,"column":0},"end":{"line":352,"column":2}},"89":{"start":{"line":255,"column":4},"end":{"line":255,"column":24}},"90":{"start":{"line":258,"column":4},"end":{"line":258,"column":20}},"91":{"start":{"line":259,"column":4},"end":{"line":259,"column":17}},"92":{"start":{"line":261,"column":4},"end":{"line":269,"column":6}},"93":{"start":{"line":271,"column":4},"end":{"line":271,"column":43}},"94":{"start":{"line":272,"column":4},"end":{"line":272,"column":41}},"95":{"start":{"line":274,"column":4},"end":{"line":274,"column":54}},"96":{"start":{"line":276,"column":4},"end":{"line":276,"column":50}},"97":{"start":{"line":278,"column":4},"end":{"line":302,"column":5}},"98":{"start":{"line":279,"column":8},"end":{"line":279,"column":24}},"99":{"start":{"line":280,"column":8},"end":{"line":280,"column":136}},"100":{"start":{"line":281,"column":8},"end":{"line":291,"column":11}},"101":{"start":{"line":282,"column":12},"end":{"line":282,"column":41}},"102":{"start":{"line":283,"column":12},"end":{"line":283,"column":39}},"103":{"start":{"line":284,"column":12},"end":{"line":284,"column":58}},"104":{"start":{"line":285,"column":12},"end":{"line":285,"column":59}},"105":{"start":{"line":286,"column":12},"end":{"line":290,"column":15}},"106":{"start":{"line":293,"column":8},"end":{"line":293,"column":28}},"107":{"start":{"line":294,"column":8},"end":{"line":301,"column":11}},"108":{"start":{"line":295,"column":12},"end":{"line":295,"column":38}},"109":{"start":{"line":296,"column":12},"end":{"line":300,"column":13}},"110":{"start":{"line":297,"column":16},"end":{"line":297,"column":41}},"111":{"start":{"line":299,"column":16},"end":{"line":299,"column":61}},"112":{"start":{"line":304,"column":4},"end":{"line":318,"column":5}},"113":{"start":{"line":305,"column":8},"end":{"line":305,"column":53}},"114":{"start":{"line":306,"column":8},"end":{"line":306,"column":80}},"115":{"start":{"line":308,"column":8},"end":{"line":308,"column":29}},"116":{"start":{"line":309,"column":8},"end":{"line":317,"column":9}},"117":{"start":{"line":310,"column":12},"end":{"line":310,"column":33}},"118":{"start":{"line":311,"column":12},"end":{"line":313,"column":15}},"119":{"start":{"line":312,"column":16},"end":{"line":312,"column":51}},"120":{"start":{"line":315,"column":12},"end":{"line":315,"column":64}},"121":{"start":{"line":316,"column":12},"end":{"line":316,"column":40}},"122":{"start":{"line":320,"column":4},"end":{"line":320,"column":82}},"123":{"start":{"line":321,"column":4},"end":{"line":321,"column":40}},"124":{"start":{"line":322,"column":4},"end":{"line":322,"column":40}},"125":{"start":{"line":324,"column":4},"end":{"line":349,"column":5}},"126":{"start":{"line":326,"column":8},"end":{"line":326,"column":66}},"127":{"start":{"line":328,"column":8},"end":{"line":328,"column":63}},"128":{"start":{"line":330,"column":8},"end":{"line":330,"column":60}},"129":{"start":{"line":331,"column":8},"end":{"line":331,"column":77}},"130":{"start":{"line":333,"column":8},"end":{"line":333,"column":51}},"131":{"start":{"line":335,"column":8},"end":{"line":335,"column":36}},"132":{"start":{"line":337,"column":8},"end":{"line":337,"column":75}},"133":{"start":{"line":340,"column":8},"end":{"line":348,"column":9}},"134":{"start":{"line":351,"column":4},"end":{"line":351,"column":17}},"135":{"start":{"line":360,"column":0},"end":{"line":377,"column":2}},"136":{"start":{"line":361,"column":4},"end":{"line":361,"column":24}},"137":{"start":{"line":363,"column":4},"end":{"line":366,"column":5}},"138":{"start":{"line":364,"column":8},"end":{"line":364,"column":23}},"139":{"start":{"line":365,"column":8},"end":{"line":365,"column":31}},"140":{"start":{"line":368,"column":4},"end":{"line":368,"column":66}},"141":{"start":{"line":370,"column":4},"end":{"line":376,"column":5}},"142":{"start":{"line":371,"column":8},"end":{"line":371,"column":26}},"143":{"start":{"line":373,"column":8},"end":{"line":373,"column":60}},"144":{"start":{"line":375,"column":8},"end":{"line":375,"column":80}},"145":{"start":{"line":383,"column":0},"end":{"line":394,"column":2}},"146":{"start":{"line":384,"column":4},"end":{"line":384,"column":24}},"147":{"start":{"line":386,"column":4},"end":{"line":386,"column":36}},"148":{"start":{"line":389,"column":4},"end":{"line":389,"column":48}},"149":{"start":{"line":391,"column":4},"end":{"line":391,"column":83}},"150":{"start":{"line":393,"column":4},"end":{"line":393,"column":56}},"151":{"start":{"line":400,"column":0},"end":{"line":408,"column":2}},"152":{"start":{"line":401,"column":4},"end":{"line":401,"column":24}},"153":{"start":{"line":403,"column":4},"end":{"line":403,"column":36}},"154":{"start":{"line":405,"column":4},"end":{"line":405,"column":47}},"155":{"start":{"line":407,"column":4},"end":{"line":407,"column":56}},"156":{"start":{"line":415,"column":0},"end":{"line":431,"column":2}},"157":{"start":{"line":416,"column":4},"end":{"line":416,"column":24}},"158":{"start":{"line":418,"column":4},"end":{"line":421,"column":5}},"159":{"start":{"line":419,"column":8},"end":{"line":419,"column":23}},"160":{"start":{"line":420,"column":8},"end":{"line":420,"column":31}},"161":{"start":{"line":423,"column":4},"end":{"line":423,"column":17}},"162":{"start":{"line":424,"column":4},"end":{"line":426,"column":7}},"163":{"start":{"line":425,"column":8},"end":{"line":425,"column":68}},"164":{"start":{"line":428,"column":4},"end":{"line":428,"column":46}},"165":{"start":{"line":430,"column":4},"end":{"line":430,"column":56}},"166":{"start":{"line":443,"column":0},"end":{"line":557,"column":2}},"167":{"start":{"line":444,"column":4},"end":{"line":444,"column":31}},"168":{"start":{"line":447,"column":4},"end":{"line":453,"column":5}},"169":{"start":{"line":448,"column":8},"end":{"line":448,"column":29}},"170":{"start":{"line":449,"column":8},"end":{"line":449,"column":31}},"171":{"start":{"line":450,"column":8},"end":{"line":450,"column":29}},"172":{"start":{"line":451,"column":8},"end":{"line":451,"column":31}},"173":{"start":{"line":452,"column":8},"end":{"line":452,"column":31}},"174":{"start":{"line":456,"column":4},"end":{"line":456,"column":73}},"175":{"start":{"line":456,"column":55},"end":{"line":456,"column":73}},"176":{"start":{"line":457,"column":4},"end":{"line":457,"column":73}},"177":{"start":{"line":457,"column":55},"end":{"line":457,"column":73}},"178":{"start":{"line":458,"column":4},"end":{"line":458,"column":73}},"179":{"start":{"line":458,"column":55},"end":{"line":458,"column":73}},"180":{"start":{"line":461,"column":4},"end":{"line":461,"column":25}},"181":{"start":{"line":463,"column":4},"end":{"line":548,"column":5}},"182":{"start":{"line":468,"column":12},"end":{"line":468,"column":72}},"183":{"start":{"line":468,"column":60},"end":{"line":468,"column":72}},"184":{"start":{"line":471,"column":12},"end":{"line":471,"column":76}},"185":{"start":{"line":474,"column":12},"end":{"line":476,"column":13}},"186":{"start":{"line":475,"column":16},"end":{"line":475,"column":41}},"187":{"start":{"line":479,"column":12},"end":{"line":481,"column":13}},"188":{"start":{"line":480,"column":16},"end":{"line":480,"column":98}},"189":{"start":{"line":484,"column":12},"end":{"line":486,"column":13}},"190":{"start":{"line":485,"column":16},"end":{"line":485,"column":46}},"191":{"start":{"line":488,"column":12},"end":{"line":488,"column":18}},"192":{"start":{"line":491,"column":12},"end":{"line":491,"column":39}},"193":{"start":{"line":492,"column":12},"end":{"line":510,"column":13}},"194":{"start":{"line":493,"column":16},"end":{"line":493,"column":56}},"195":{"start":{"line":493,"column":47},"end":{"line":493,"column":56}},"196":{"start":{"line":495,"column":16},"end":{"line":495,"column":29}},"197":{"start":{"line":498,"column":16},"end":{"line":498,"column":49}},"198":{"start":{"line":499,"column":16},"end":{"line":509,"column":17}},"199":{"start":{"line":500,"column":20},"end":{"line":500,"column":43}},"200":{"start":{"line":501,"column":23},"end":{"line":509,"column":17}},"201":{"start":{"line":502,"column":20},"end":{"line":502,"column":79}},"202":{"start":{"line":503,"column":23},"end":{"line":509,"column":17}},"203":{"start":{"line":504,"column":20},"end":{"line":504,"column":51}},"204":{"start":{"line":505,"column":23},"end":{"line":509,"column":17}},"205":{"start":{"line":506,"column":20},"end":{"line":506,"column":75}},"206":{"start":{"line":508,"column":20},"end":{"line":508,"column":55}},"207":{"start":{"line":513,"column":12},"end":{"line":513,"column":50}},"208":{"start":{"line":514,"column":12},"end":{"line":514,"column":77}},"209":{"start":{"line":516,"column":12},"end":{"line":516,"column":18}},"210":{"start":{"line":519,"column":12},"end":{"line":519,"column":27}},"211":{"start":{"line":520,"column":12},"end":{"line":536,"column":13}},"212":{"start":{"line":521,"column":16},"end":{"line":521,"column":56}},"213":{"start":{"line":521,"column":47},"end":{"line":521,"column":56}},"214":{"start":{"line":524,"column":16},"end":{"line":524,"column":49}},"215":{"start":{"line":525,"column":16},"end":{"line":535,"column":17}},"216":{"start":{"line":526,"column":20},"end":{"line":526,"column":52}},"217":{"start":{"line":527,"column":23},"end":{"line":535,"column":17}},"218":{"start":{"line":528,"column":20},"end":{"line":528,"column":83}},"219":{"start":{"line":529,"column":23},"end":{"line":535,"column":17}},"220":{"start":{"line":530,"column":20},"end":{"line":530,"column":62}},"221":{"start":{"line":531,"column":23},"end":{"line":535,"column":17}},"222":{"start":{"line":532,"column":20},"end":{"line":532,"column":79}},"223":{"start":{"line":534,"column":20},"end":{"line":534,"column":65}},"224":{"start":{"line":539,"column":12},"end":{"line":539,"column":55}},"225":{"start":{"line":540,"column":12},"end":{"line":540,"column":33}},"226":{"start":{"line":543,"column":12},"end":{"line":545,"column":13}},"227":{"start":{"line":544,"column":16},"end":{"line":544,"column":41}},"228":{"start":{"line":547,"column":12},"end":{"line":547,"column":18}},"229":{"start":{"line":551,"column":4},"end":{"line":551,"column":35}},"230":{"start":{"line":554,"column":4},"end":{"line":554,"column":46}},"231":{"start":{"line":554,"column":33},"end":{"line":554,"column":44}},"232":{"start":{"line":556,"column":4},"end":{"line":556,"column":15}},"233":{"start":{"line":564,"column":0},"end":{"line":567,"column":2}},"234":{"start":{"line":565,"column":4},"end":{"line":565,"column":64}},"235":{"start":{"line":566,"column":4},"end":{"line":566,"column":54}},"236":{"start":{"line":574,"column":0},"end":{"line":579,"column":2}},"237":{"start":{"line":575,"column":4},"end":{"line":575,"column":36}},"238":{"start":{"line":577,"column":4},"end":{"line":577,"column":64}},"239":{"start":{"line":578,"column":4},"end":{"line":578,"column":32}},"240":{"start":{"line":586,"column":0},"end":{"line":592,"column":2}},"241":{"start":{"line":587,"column":4},"end":{"line":587,"column":24}},"242":{"start":{"line":589,"column":4},"end":{"line":589,"column":66}},"243":{"start":{"line":591,"column":4},"end":{"line":591,"column":18}},"244":{"start":{"line":598,"column":0},"end":{"line":600,"column":2}},"245":{"start":{"line":599,"column":4},"end":{"line":599,"column":76}},"246":{"start":{"line":599,"column":22},"end":{"line":599,"column":76}},"247":{"start":{"line":605,"column":0},"end":{"line":609,"column":2}},"248":{"start":{"line":606,"column":4},"end":{"line":606,"column":36}},"249":{"start":{"line":607,"column":4},"end":{"line":607,"column":34}},"250":{"start":{"line":608,"column":4},"end":{"line":608,"column":51}},"251":{"start":{"line":614,"column":0},"end":{"line":618,"column":2}},"252":{"start":{"line":615,"column":4},"end":{"line":615,"column":16}},"253":{"start":{"line":616,"column":4},"end":{"line":616,"column":20}},"254":{"start":{"line":617,"column":4},"end":{"line":617,"column":24}},"255":{"start":{"line":620,"column":0},"end":{"line":639,"column":1}},"256":{"start":{"line":621,"column":4},"end":{"line":621,"column":20}},"257":{"start":{"line":623,"column":4},"end":{"line":625,"column":5}},"258":{"start":{"line":624,"column":8},"end":{"line":624,"column":45}},"259":{"start":{"line":627,"column":4},"end":{"line":636,"column":7}},"260":{"start":{"line":628,"column":8},"end":{"line":631,"column":10}},"261":{"start":{"line":633,"column":8},"end":{"line":633,"column":38}},"262":{"start":{"line":635,"column":8},"end":{"line":635,"column":44}},"263":{"start":{"line":638,"column":4},"end":{"line":638,"column":52}},"264":{"start":{"line":641,"column":0},"end":{"line":695,"column":1}},"265":{"start":{"line":642,"column":4},"end":{"line":642,"column":35}},"266":{"start":{"line":643,"column":4},"end":{"line":643,"column":41}},"267":{"start":{"line":644,"column":4},"end":{"line":644,"column":24}},"268":{"start":{"line":645,"column":4},"end":{"line":645,"column":39}},"269":{"start":{"line":647,"column":4},"end":{"line":647,"column":72}},"270":{"start":{"line":647,"column":42},"end":{"line":647,"column":72}},"271":{"start":{"line":649,"column":4},"end":{"line":649,"column":51}},"272":{"start":{"line":652,"column":4},"end":{"line":652,"column":62}},"273":{"start":{"line":653,"column":4},"end":{"line":653,"column":30}},"274":{"start":{"line":654,"column":4},"end":{"line":658,"column":7}},"275":{"start":{"line":655,"column":8},"end":{"line":657,"column":9}},"276":{"start":{"line":656,"column":12},"end":{"line":656,"column":34}},"277":{"start":{"line":661,"column":4},"end":{"line":691,"column":7}},"278":{"start":{"line":662,"column":8},"end":{"line":662,"column":20}},"279":{"start":{"line":663,"column":8},"end":{"line":663,"column":51}},"280":{"start":{"line":664,"column":8},"end":{"line":664,"column":34}},"281":{"start":{"line":665,"column":8},"end":{"line":688,"column":11}},"282":{"start":{"line":666,"column":12},"end":{"line":666,"column":28}},"283":{"start":{"line":667,"column":12},"end":{"line":667,"column":32}},"284":{"start":{"line":668,"column":12},"end":{"line":668,"column":67}},"285":{"start":{"line":670,"column":12},"end":{"line":681,"column":13}},"286":{"start":{"line":674,"column":20},"end":{"line":674,"column":73}},"287":{"start":{"line":675,"column":20},"end":{"line":675,"column":26}},"288":{"start":{"line":679,"column":20},"end":{"line":679,"column":77}},"289":{"start":{"line":680,"column":20},"end":{"line":680,"column":26}},"290":{"start":{"line":683,"column":12},"end":{"line":687,"column":14}},"291":{"start":{"line":690,"column":8},"end":{"line":690,"column":31}},"292":{"start":{"line":693,"column":4},"end":{"line":693,"column":36}},"293":{"start":{"line":694,"column":4},"end":{"line":694,"column":34}},"294":{"start":{"line":697,"column":0},"end":{"line":831,"column":1}},"295":{"start":{"line":698,"column":4},"end":{"line":698,"column":35}},"296":{"start":{"line":699,"column":4},"end":{"line":699,"column":41}},"297":{"start":{"line":700,"column":4},"end":{"line":700,"column":24}},"298":{"start":{"line":701,"column":4},"end":{"line":701,"column":39}},"299":{"start":{"line":702,"column":4},"end":{"line":702,"column":37}},"300":{"start":{"line":703,"column":4},"end":{"line":703,"column":30}},"301":{"start":{"line":704,"column":4},"end":{"line":704,"column":39}},"302":{"start":{"line":706,"column":4},"end":{"line":706,"column":84}},"303":{"start":{"line":706,"column":77},"end":{"line":706,"column":84}},"304":{"start":{"line":708,"column":4},"end":{"line":708,"column":40}},"305":{"start":{"line":709,"column":4},"end":{"line":709,"column":40}},"306":{"start":{"line":711,"column":4},"end":{"line":714,"column":5}},"307":{"start":{"line":712,"column":8},"end":{"line":712,"column":30}},"308":{"start":{"line":713,"column":8},"end":{"line":713,"column":15}},"309":{"start":{"line":717,"column":4},"end":{"line":717,"column":99}},"310":{"start":{"line":718,"column":4},"end":{"line":718,"column":52}},"311":{"start":{"line":720,"column":4},"end":{"line":720,"column":54}},"312":{"start":{"line":721,"column":4},"end":{"line":721,"column":54}},"313":{"start":{"line":724,"column":4},"end":{"line":724,"column":19}},"314":{"start":{"line":725,"column":4},"end":{"line":736,"column":7}},"315":{"start":{"line":726,"column":8},"end":{"line":726,"column":52}},"316":{"start":{"line":727,"column":8},"end":{"line":735,"column":9}},"317":{"start":{"line":729,"column":12},"end":{"line":729,"column":39}},"318":{"start":{"line":730,"column":12},"end":{"line":730,"column":33}},"319":{"start":{"line":731,"column":12},"end":{"line":731,"column":49}},"320":{"start":{"line":734,"column":12},"end":{"line":734,"column":30}},"321":{"start":{"line":739,"column":4},"end":{"line":739,"column":21}},"322":{"start":{"line":740,"column":4},"end":{"line":787,"column":7}},"323":{"start":{"line":742,"column":8},"end":{"line":745,"column":9}},"324":{"start":{"line":743,"column":12},"end":{"line":743,"column":31}},"325":{"start":{"line":744,"column":12},"end":{"line":744,"column":19}},"326":{"start":{"line":747,"column":8},"end":{"line":747,"column":52}},"327":{"start":{"line":748,"column":8},"end":{"line":748,"column":35}},"328":{"start":{"line":749,"column":8},"end":{"line":749,"column":25}},"329":{"start":{"line":751,"column":8},"end":{"line":786,"column":9}},"330":{"start":{"line":752,"column":12},"end":{"line":752,"column":41}},"331":{"start":{"line":753,"column":12},"end":{"line":753,"column":33}},"332":{"start":{"line":754,"column":12},"end":{"line":756,"column":13}},"333":{"start":{"line":755,"column":16},"end":{"line":755,"column":37}},"334":{"start":{"line":757,"column":12},"end":{"line":769,"column":13}},"335":{"start":{"line":758,"column":16},"end":{"line":763,"column":19}},"336":{"start":{"line":759,"column":20},"end":{"line":762,"column":23}},"337":{"start":{"line":765,"column":16},"end":{"line":768,"column":19}},"338":{"start":{"line":771,"column":12},"end":{"line":785,"column":13}},"339":{"start":{"line":772,"column":16},"end":{"line":779,"column":18}},"340":{"start":{"line":773,"column":20},"end":{"line":778,"column":23}},"341":{"start":{"line":774,"column":24},"end":{"line":777,"column":27}},"342":{"start":{"line":781,"column":16},"end":{"line":784,"column":19}},"343":{"start":{"line":789,"column":4},"end":{"line":826,"column":5}},"344":{"start":{"line":790,"column":8},"end":{"line":790,"column":31}},"345":{"start":{"line":792,"column":8},"end":{"line":792,"column":35}},"346":{"start":{"line":793,"column":8},"end":{"line":801,"column":11}},"347":{"start":{"line":794,"column":12},"end":{"line":800,"column":13}},"348":{"start":{"line":795,"column":16},"end":{"line":795,"column":53}},"349":{"start":{"line":796,"column":16},"end":{"line":799,"column":17}},"350":{"start":{"line":797,"column":20},"end":{"line":797,"column":29}},"351":{"start":{"line":798,"column":20},"end":{"line":798,"column":43}},"352":{"start":{"line":803,"column":8},"end":{"line":825,"column":9}},"353":{"start":{"line":804,"column":12},"end":{"line":804,"column":35}},"354":{"start":{"line":806,"column":12},"end":{"line":806,"column":26}},"355":{"start":{"line":808,"column":12},"end":{"line":808,"column":41}},"356":{"start":{"line":810,"column":12},"end":{"line":814,"column":13}},"357":{"start":{"line":811,"column":16},"end":{"line":813,"column":17}},"358":{"start":{"line":816,"column":12},"end":{"line":816,"column":58}},"359":{"start":{"line":817,"column":12},"end":{"line":817,"column":52}},"360":{"start":{"line":818,"column":12},"end":{"line":818,"column":64}},"361":{"start":{"line":819,"column":12},"end":{"line":819,"column":31}},"362":{"start":{"line":820,"column":12},"end":{"line":820,"column":29}},"363":{"start":{"line":822,"column":12},"end":{"line":822,"column":35}},"364":{"start":{"line":824,"column":12},"end":{"line":824,"column":50}},"365":{"start":{"line":828,"column":4},"end":{"line":828,"column":26}},"366":{"start":{"line":830,"column":4},"end":{"line":830,"column":36}},"367":{"start":{"line":833,"column":0},"end":{"line":833,"column":21}},"368":{"start":{"line":834,"column":0},"end":{"line":834,"column":21}}},"branchMap":{"1":{"line":19,"type":"binary-expr","locations":[{"start":{"line":19,"column":20},"end":{"line":19,"column":27}},{"start":{"line":19,"column":31},"end":{"line":19,"column":33}}]},"2":{"line":22,"type":"if","locations":[{"start":{"line":22,"column":4},"end":{"line":22,"column":4}},{"start":{"line":22,"column":4},"end":{"line":22,"column":4}}]},"3":{"line":33,"type":"if","locations":[{"start":{"line":33,"column":8},"end":{"line":33,"column":8}},{"start":{"line":33,"column":8},"end":{"line":33,"column":8}}]},"4":{"line":34,"type":"if","locations":[{"start":{"line":34,"column":12},"end":{"line":34,"column":12}},{"start":{"line":34,"column":12},"end":{"line":34,"column":12}}]},"5":{"line":34,"type":"binary-expr","locations":[{"start":{"line":34,"column":16},"end":{"line":34,"column":36}},{"start":{"line":34,"column":40},"end":{"line":34,"column":75}}]},"6":{"line":58,"type":"if","locations":[{"start":{"line":58,"column":4},"end":{"line":58,"column":4}},{"start":{"line":58,"column":4},"end":{"line":58,"column":4}}]},"7":{"line":62,"type":"if","locations":[{"start":{"line":62,"column":4},"end":{"line":62,"column":4}},{"start":{"line":62,"column":4},"end":{"line":62,"column":4}}]},"8":{"line":172,"type":"if","locations":[{"start":{"line":172,"column":4},"end":{"line":172,"column":4}},{"start":{"line":172,"column":4},"end":{"line":172,"column":4}}]},"9":{"line":174,"type":"if","locations":[{"start":{"line":174,"column":11},"end":{"line":174,"column":11}},{"start":{"line":174,"column":11},"end":{"line":174,"column":11}}]},"10":{"line":188,"type":"if","locations":[{"start":{"line":188,"column":4},"end":{"line":188,"column":4}},{"start":{"line":188,"column":4},"end":{"line":188,"column":4}}]},"11":{"line":192,"type":"if","locations":[{"start":{"line":192,"column":8},"end":{"line":192,"column":8}},{"start":{"line":192,"column":8},"end":{"line":192,"column":8}}]},"12":{"line":194,"type":"if","locations":[{"start":{"line":194,"column":15},"end":{"line":194,"column":15}},{"start":{"line":194,"column":15},"end":{"line":194,"column":15}}]},"13":{"line":201,"type":"binary-expr","locations":[{"start":{"line":201,"column":8},"end":{"line":201,"column":21}},{"start":{"line":201,"column":25},"end":{"line":201,"column":36}}]},"14":{"line":215,"type":"if","locations":[{"start":{"line":215,"column":8},"end":{"line":215,"column":8}},{"start":{"line":215,"column":8},"end":{"line":215,"column":8}}]},"15":{"line":219,"type":"binary-expr","locations":[{"start":{"line":219,"column":12},"end":{"line":219,"column":25}},{"start":{"line":219,"column":29},"end":{"line":219,"column":40}}]},"16":{"line":224,"type":"if","locations":[{"start":{"line":224,"column":15},"end":{"line":224,"column":15}},{"start":{"line":224,"column":15},"end":{"line":224,"column":15}}]},"17":{"line":228,"type":"if","locations":[{"start":{"line":228,"column":15},"end":{"line":228,"column":15}},{"start":{"line":228,"column":15},"end":{"line":228,"column":15}}]},"18":{"line":232,"type":"binary-expr","locations":[{"start":{"line":232,"column":12},"end":{"line":232,"column":25}},{"start":{"line":232,"column":29},"end":{"line":232,"column":40}}]},"19":{"line":271,"type":"binary-expr","locations":[{"start":{"line":271,"column":20},"end":{"line":271,"column":37}},{"start":{"line":271,"column":41},"end":{"line":271,"column":42}}]},"20":{"line":272,"type":"binary-expr","locations":[{"start":{"line":272,"column":19},"end":{"line":272,"column":35}},{"start":{"line":272,"column":39},"end":{"line":272,"column":40}}]},"21":{"line":278,"type":"if","locations":[{"start":{"line":278,"column":4},"end":{"line":278,"column":4}},{"start":{"line":278,"column":4},"end":{"line":278,"column":4}}]},"22":{"line":284,"type":"cond-expr","locations":[{"start":{"line":284,"column":35},"end":{"line":284,"column":50}},{"start":{"line":284,"column":53},"end":{"line":284,"column":57}}]},"23":{"line":296,"type":"if","locations":[{"start":{"line":296,"column":12},"end":{"line":296,"column":12}},{"start":{"line":296,"column":12},"end":{"line":296,"column":12}}]},"24":{"line":304,"type":"if","locations":[{"start":{"line":304,"column":4},"end":{"line":304,"column":4}},{"start":{"line":304,"column":4},"end":{"line":304,"column":4}}]},"25":{"line":309,"type":"if","locations":[{"start":{"line":309,"column":8},"end":{"line":309,"column":8}},{"start":{"line":309,"column":8},"end":{"line":309,"column":8}}]},"26":{"line":309,"type":"binary-expr","locations":[{"start":{"line":309,"column":12},"end":{"line":309,"column":28}},{"start":{"line":309,"column":32},"end":{"line":309,"column":53}}]},"27":{"line":324,"type":"if","locations":[{"start":{"line":324,"column":4},"end":{"line":324,"column":4}},{"start":{"line":324,"column":4},"end":{"line":324,"column":4}}]},"28":{"line":363,"type":"if","locations":[{"start":{"line":363,"column":4},"end":{"line":363,"column":4}},{"start":{"line":363,"column":4},"end":{"line":363,"column":4}}]},"29":{"line":386,"type":"binary-expr","locations":[{"start":{"line":386,"column":12},"end":{"line":386,"column":17}},{"start":{"line":386,"column":21},"end":{"line":386,"column":35}}]},"30":{"line":403,"type":"binary-expr","locations":[{"start":{"line":403,"column":12},"end":{"line":403,"column":17}},{"start":{"line":403,"column":21},"end":{"line":403,"column":35}}]},"31":{"line":418,"type":"if","locations":[{"start":{"line":418,"column":4},"end":{"line":418,"column":4}},{"start":{"line":418,"column":4},"end":{"line":418,"column":4}}]},"32":{"line":428,"type":"binary-expr","locations":[{"start":{"line":428,"column":4},"end":{"line":428,"column":14}},{"start":{"line":428,"column":18},"end":{"line":428,"column":45}}]},"33":{"line":447,"type":"if","locations":[{"start":{"line":447,"column":4},"end":{"line":447,"column":4}},{"start":{"line":447,"column":4},"end":{"line":447,"column":4}}]},"34":{"line":456,"type":"if","locations":[{"start":{"line":456,"column":4},"end":{"line":456,"column":4}},{"start":{"line":456,"column":4},"end":{"line":456,"column":4}}]},"35":{"line":456,"type":"binary-expr","locations":[{"start":{"line":456,"column":8},"end":{"line":456,"column":34}},{"start":{"line":456,"column":38},"end":{"line":456,"column":53}}]},"36":{"line":457,"type":"if","locations":[{"start":{"line":457,"column":4},"end":{"line":457,"column":4}},{"start":{"line":457,"column":4},"end":{"line":457,"column":4}}]},"37":{"line":457,"type":"binary-expr","locations":[{"start":{"line":457,"column":8},"end":{"line":457,"column":34}},{"start":{"line":457,"column":38},"end":{"line":457,"column":53}}]},"38":{"line":458,"type":"if","locations":[{"start":{"line":458,"column":4},"end":{"line":458,"column":4}},{"start":{"line":458,"column":4},"end":{"line":458,"column":4}}]},"39":{"line":458,"type":"binary-expr","locations":[{"start":{"line":458,"column":8},"end":{"line":458,"column":34}},{"start":{"line":458,"column":38},"end":{"line":458,"column":53}}]},"40":{"line":463,"type":"switch","locations":[{"start":{"line":465,"column":8},"end":{"line":465,"column":22}},{"start":{"line":466,"column":8},"end":{"line":488,"column":18}},{"start":{"line":489,"column":8},"end":{"line":516,"column":18}},{"start":{"line":517,"column":8},"end":{"line":547,"column":18}}]},"41":{"line":468,"type":"if","locations":[{"start":{"line":468,"column":12},"end":{"line":468,"column":12}},{"start":{"line":468,"column":12},"end":{"line":468,"column":12}}]},"42":{"line":468,"type":"binary-expr","locations":[{"start":{"line":468,"column":17},"end":{"line":468,"column":36}},{"start":{"line":468,"column":40},"end":{"line":468,"column":57}}]},"43":{"line":474,"type":"if","locations":[{"start":{"line":474,"column":12},"end":{"line":474,"column":12}},{"start":{"line":474,"column":12},"end":{"line":474,"column":12}}]},"44":{"line":479,"type":"if","locations":[{"start":{"line":479,"column":12},"end":{"line":479,"column":12}},{"start":{"line":479,"column":12},"end":{"line":479,"column":12}}]},"45":{"line":484,"type":"if","locations":[{"start":{"line":484,"column":12},"end":{"line":484,"column":12}},{"start":{"line":484,"column":12},"end":{"line":484,"column":12}}]},"46":{"line":493,"type":"if","locations":[{"start":{"line":493,"column":16},"end":{"line":493,"column":16}},{"start":{"line":493,"column":16},"end":{"line":493,"column":16}}]},"47":{"line":499,"type":"if","locations":[{"start":{"line":499,"column":16},"end":{"line":499,"column":16}},{"start":{"line":499,"column":16},"end":{"line":499,"column":16}}]},"48":{"line":501,"type":"if","locations":[{"start":{"line":501,"column":23},"end":{"line":501,"column":23}},{"start":{"line":501,"column":23},"end":{"line":501,"column":23}}]},"49":{"line":503,"type":"if","locations":[{"start":{"line":503,"column":23},"end":{"line":503,"column":23}},{"start":{"line":503,"column":23},"end":{"line":503,"column":23}}]},"50":{"line":504,"type":"cond-expr","locations":[{"start":{"line":504,"column":44},"end":{"line":504,"column":45}},{"start":{"line":504,"column":48},"end":{"line":504,"column":49}}]},"51":{"line":505,"type":"if","locations":[{"start":{"line":505,"column":23},"end":{"line":505,"column":23}},{"start":{"line":505,"column":23},"end":{"line":505,"column":23}}]},"52":{"line":521,"type":"if","locations":[{"start":{"line":521,"column":16},"end":{"line":521,"column":16}},{"start":{"line":521,"column":16},"end":{"line":521,"column":16}}]},"53":{"line":525,"type":"if","locations":[{"start":{"line":525,"column":16},"end":{"line":525,"column":16}},{"start":{"line":525,"column":16},"end":{"line":525,"column":16}}]},"54":{"line":527,"type":"if","locations":[{"start":{"line":527,"column":23},"end":{"line":527,"column":23}},{"start":{"line":527,"column":23},"end":{"line":527,"column":23}}]},"55":{"line":529,"type":"if","locations":[{"start":{"line":529,"column":23},"end":{"line":529,"column":23}},{"start":{"line":529,"column":23},"end":{"line":529,"column":23}}]},"56":{"line":530,"type":"cond-expr","locations":[{"start":{"line":530,"column":54},"end":{"line":530,"column":55}},{"start":{"line":530,"column":58},"end":{"line":530,"column":59}}]},"57":{"line":531,"type":"if","locations":[{"start":{"line":531,"column":23},"end":{"line":531,"column":23}},{"start":{"line":531,"column":23},"end":{"line":531,"column":23}}]},"58":{"line":543,"type":"if","locations":[{"start":{"line":543,"column":12},"end":{"line":543,"column":12}},{"start":{"line":543,"column":12},"end":{"line":543,"column":12}}]},"59":{"line":566,"type":"cond-expr","locations":[{"start":{"line":566,"column":23},"end":{"line":566,"column":43}},{"start":{"line":566,"column":46},"end":{"line":566,"column":53}}]},"60":{"line":575,"type":"binary-expr","locations":[{"start":{"line":575,"column":12},"end":{"line":575,"column":17}},{"start":{"line":575,"column":21},"end":{"line":575,"column":35}}]},"61":{"line":578,"type":"binary-expr","locations":[{"start":{"line":578,"column":11},"end":{"line":578,"column":25}},{"start":{"line":578,"column":29},"end":{"line":578,"column":31}}]},"62":{"line":599,"type":"if","locations":[{"start":{"line":599,"column":4},"end":{"line":599,"column":4}},{"start":{"line":599,"column":4},"end":{"line":599,"column":4}}]},"63":{"line":623,"type":"if","locations":[{"start":{"line":623,"column":4},"end":{"line":623,"column":4}},{"start":{"line":623,"column":4},"end":{"line":623,"column":4}}]},"64":{"line":638,"type":"cond-expr","locations":[{"start":{"line":638,"column":33},"end":{"line":638,"column":42}},{"start":{"line":638,"column":45},"end":{"line":638,"column":51}}]},"65":{"line":647,"type":"if","locations":[{"start":{"line":647,"column":4},"end":{"line":647,"column":4}},{"start":{"line":647,"column":4},"end":{"line":647,"column":4}}]},"66":{"line":647,"type":"binary-expr","locations":[{"start":{"line":647,"column":8},"end":{"line":647,"column":30}},{"start":{"line":647,"column":34},"end":{"line":647,"column":40}}]},"67":{"line":655,"type":"if","locations":[{"start":{"line":655,"column":8},"end":{"line":655,"column":8}},{"start":{"line":655,"column":8},"end":{"line":655,"column":8}}]},"68":{"line":670,"type":"switch","locations":[{"start":{"line":671,"column":16},"end":{"line":671,"column":27}},{"start":{"line":672,"column":16},"end":{"line":675,"column":26}},{"start":{"line":676,"column":16},"end":{"line":676,"column":28}},{"start":{"line":677,"column":16},"end":{"line":680,"column":26}}]},"69":{"line":706,"type":"if","locations":[{"start":{"line":706,"column":4},"end":{"line":706,"column":4}},{"start":{"line":706,"column":4},"end":{"line":706,"column":4}}]},"70":{"line":706,"type":"binary-expr","locations":[{"start":{"line":706,"column":8},"end":{"line":706,"column":29}},{"start":{"line":706,"column":33},"end":{"line":706,"column":37}},{"start":{"line":706,"column":41},"end":{"line":706,"column":48}},{"start":{"line":706,"column":52},"end":{"line":706,"column":75}}]},"71":{"line":711,"type":"if","locations":[{"start":{"line":711,"column":4},"end":{"line":711,"column":4}},{"start":{"line":711,"column":4},"end":{"line":711,"column":4}}]},"72":{"line":727,"type":"if","locations":[{"start":{"line":727,"column":8},"end":{"line":727,"column":8}},{"start":{"line":727,"column":8},"end":{"line":727,"column":8}}]},"73":{"line":742,"type":"if","locations":[{"start":{"line":742,"column":8},"end":{"line":742,"column":8}},{"start":{"line":742,"column":8},"end":{"line":742,"column":8}}]},"74":{"line":751,"type":"if","locations":[{"start":{"line":751,"column":8},"end":{"line":751,"column":8}},{"start":{"line":751,"column":8},"end":{"line":751,"column":8}}]},"75":{"line":754,"type":"if","locations":[{"start":{"line":754,"column":12},"end":{"line":754,"column":12}},{"start":{"line":754,"column":12},"end":{"line":754,"column":12}}]},"76":{"line":757,"type":"if","locations":[{"start":{"line":757,"column":12},"end":{"line":757,"column":12}},{"start":{"line":757,"column":12},"end":{"line":757,"column":12}}]},"77":{"line":771,"type":"if","locations":[{"start":{"line":771,"column":12},"end":{"line":771,"column":12}},{"start":{"line":771,"column":12},"end":{"line":771,"column":12}}]},"78":{"line":789,"type":"if","locations":[{"start":{"line":789,"column":4},"end":{"line":789,"column":4}},{"start":{"line":789,"column":4},"end":{"line":789,"column":4}}]},"79":{"line":794,"type":"if","locations":[{"start":{"line":794,"column":12},"end":{"line":794,"column":12}},{"start":{"line":794,"column":12},"end":{"line":794,"column":12}}]},"80":{"line":794,"type":"binary-expr","locations":[{"start":{"line":794,"column":16},"end":{"line":794,"column":17}},{"start":{"line":794,"column":21},"end":{"line":794,"column":36}}]},"81":{"line":796,"type":"if","locations":[{"start":{"line":796,"column":16},"end":{"line":796,"column":16}},{"start":{"line":796,"column":16},"end":{"line":796,"column":16}}]},"82":{"line":796,"type":"binary-expr","locations":[{"start":{"line":796,"column":20},"end":{"line":796,"column":25}},{"start":{"line":796,"column":29},"end":{"line":796,"column":40}}]},"83":{"line":803,"type":"if","locations":[{"start":{"line":803,"column":8},"end":{"line":803,"column":8}},{"start":{"line":803,"column":8},"end":{"line":803,"column":8}}]}}},"/Users/liubin/Projects/nodejs/sync-sqlite/lib/helper.js":{"path":"/Users/liubin/Projects/nodejs/sync-sqlite/lib/helper.js","s":{"1":1,"2":1,"3":22,"4":22,"5":5,"6":5,"7":22,"8":1,"9":5,"10":5,"11":5,"12":1,"13":0,"14":0,"15":0,"16":1},"b":{"1":[0,22],"2":[5,17],"3":[0,0]},"f":{"1":22,"2":5,"3":0},"fnMap":{"1":{"name":"(anonymous_1)","line":8,"loc":{"start":{"line":8,"column":17},"end":{"line":8,"column":31}}},"2":{"name":"(anonymous_2)","line":23,"loc":{"start":{"line":23,"column":25},"end":{"line":23,"column":40}}},"3":{"name":"(anonymous_3)","line":41,"loc":{"start":{"line":41,"column":26},"end":{"line":41,"column":50}}}},"statementMap":{"1":{"start":{"line":1,"column":0},"end":{"line":1,"column":16}},"2":{"start":{"line":8,"column":0},"end":{"line":16,"column":2}},"3":{"start":{"line":9,"column":4},"end":{"line":9,"column":50}},"4":{"start":{"line":10,"column":4},"end":{"line":13,"column":5}},"5":{"start":{"line":11,"column":8},"end":{"line":11,"column":51}},"6":{"start":{"line":12,"column":8},"end":{"line":12,"column":64}},"7":{"start":{"line":15,"column":4},"end":{"line":15,"column":16}},"8":{"start":{"line":23,"column":0},"end":{"line":33,"column":2}},"9":{"start":{"line":24,"column":4},"end":{"line":24,"column":19}},"10":{"start":{"line":25,"column":4},"end":{"line":30,"column":45}},"11":{"start":{"line":32,"column":4},"end":{"line":32,"column":22}},"12":{"start":{"line":41,"column":0},"end":{"line":47,"column":2}},"13":{"start":{"line":42,"column":4},"end":{"line":46,"column":5}},"14":{"start":{"line":43,"column":8},"end":{"line":43,"column":48}},"15":{"start":{"line":45,"column":8},"end":{"line":45,"column":60}},"16":{"start":{"line":49,"column":0},"end":{"line":49,"column":24}}},"branchMap":{"1":{"line":9,"type":"cond-expr","locations":[{"start":{"line":9,"column":30},"end":{"line":9,"column":36}},{"start":{"line":9,"column":39},"end":{"line":9,"column":49}}]},"2":{"line":10,"type":"if","locations":[{"start":{"line":10,"column":4},"end":{"line":10,"column":4}},{"start":{"line":10,"column":4},"end":{"line":10,"column":4}}]},"3":{"line":42,"type":"if","locations":[{"start":{"line":42,"column":4},"end":{"line":42,"column":4}},{"start":{"line":42,"column":4},"end":{"line":42,"column":4}}]}}}}