TN:
SF:/Users/liubin/Projects/nodejs/sync-sqlite/lib/record.js
FN:13,RecordSet
FN:15,(anonymous_2)
FN:22,(anonymous_3)
FN:29,(anonymous_4)
FN:35,(anonymous_5)
FN:48,(anonymous_6)
FN:58,(anonymous_7)
FN:65,(anonymous_8)
FN:72,(anonymous_9)
FN:74,(anonymous_10)
FN:85,(anonymous_11)
FNF:11
FNH:11
FNDA:9,RecordSet
FNDA:193,(anonymous_2)
FNDA:1,(anonymous_3)
FNDA:9,(anonymous_4)
FNDA:1,(anonymous_5)
FNDA:1,(anonymous_6)
FNDA:8,(anonymous_7)
FNDA:7,(anonymous_8)
FNDA:24,(anonymous_9)
FNDA:133,(anonymous_10)
FNDA:4,(anonymous_11)
DA:13,1
DA:14,9
DA:16,193
DA:20,9
DA:23,1
DA:27,9
DA:30,9
DA:35,1
DA:36,1
DA:38,1
DA:39,4
DA:40,4
DA:41,8
DA:44,4
DA:48,1
DA:49,1
DA:51,1
DA:52,4
DA:53,8
DA:58,1
DA:59,8
DA:61,7
DA:63,7
DA:64,2
DA:65,2
DA:66,7
DA:67,7
DA:70,2
DA:72,5
DA:73,24
DA:74,24
DA:75,133
DA:76,133
DA:79,24
DA:81,5
DA:85,1
DA:86,4
DA:87,2
DA:89,2
DA:93,1
LF:40
LH:40
BRDA:36,1,0,0
BRDA:36,1,1,1
BRDA:49,2,0,0
BRDA:49,2,1,1
BRDA:59,3,0,1
BRDA:59,3,1,7
BRDA:63,4,0,2
BRDA:63,4,1,5
BRDA:66,5,0,0
BRDA:66,5,1,7
BRDA:75,6,0,15
BRDA:75,6,1,118
BRDA:86,7,0,2
BRDA:86,7,1,2
BRF:14
BRH:11
end_of_record
TN:
SF:/Users/liubin/Projects/nodejs/sync-sqlite/lib/sqlite.js
FN:18,(anonymous_1)
FN:31,(anonymous_2)
FN:57,(anonymous_3)
FN:77,(anonymous_4)
FN:90,(anonymous_5)
FN:100,(anonymous_6)
FN:110,(anonymous_7)
FN:121,(anonymous_8)
FN:132,(anonymous_9)
FN:145,(anonymous_10)
FN:158,(anonymous_11)
FN:167,(anonymous_12)
FN:169,(anonymous_13)
FN:186,(anonymous_14)
FN:212,(anonymous_15)
FN:254,(anonymous_16)
FN:281,(anonymous_17)
FN:294,(anonymous_18)
FN:311,(anonymous_19)
FN:360,(anonymous_20)
FN:383,(anonymous_21)
FN:400,(anonymous_22)
FN:415,(anonymous_23)
FN:424,(anonymous_24)
FN:443,(anonymous_25)
FN:554,(anonymous_26)
FN:564,(anonymous_27)
FN:574,(anonymous_28)
FN:586,(anonymous_29)
FN:598,(anonymous_30)
FN:605,(anonymous_31)
FN:614,(anonymous_32)
FN:620,resultToRecord
FN:627,(anonymous_34)
FN:641,getSchemas
FN:654,(anonymous_36)
FN:661,(anonymous_37)
FN:665,(anonymous_38)
FN:697,formatValues
FN:725,(anonymous_40)
FN:740,(anonymous_41)
FN:758,(anonymous_42)
FN:772,(anonymous_43)
FN:773,(anonymous_44)
FN:790,(anonymous_45)
FN:793,(anonymous_46)
FN:804,(anonymous_47)
FNF:47
FNH:37
FNDA:4,(anonymous_1)
FNDA:4,(anonymous_2)
FNDA:2,(anonymous_3)
FNDA:3,(anonymous_4)
FNDA:0,(anonymous_5)
FNDA:3,(anonymous_6)
FNDA:3,(anonymous_7)
FNDA:2,(anonymous_8)
FNDA:1,(anonymous_9)
FNDA:1,(anonymous_10)
FNDA:0,(anonymous_11)
FNDA:1,(anonymous_12)
FNDA:0,(anonymous_13)
FNDA:12,(anonymous_14)
FNDA:13,(anonymous_15)
FNDA:3,(anonymous_16)
FNDA:0,(anonymous_17)
FNDA:0,(anonymous_18)
FNDA:0,(anonymous_19)
FNDA:2,(anonymous_20)
FNDA:1,(anonymous_21)
FNDA:1,(anonymous_22)
FNDA:1,(anonymous_23)
FNDA:2,(anonymous_24)
FNDA:9,(anonymous_25)
FNDA:0,(anonymous_26)
FNDA:2,(anonymous_27)
FNDA:2,(anonymous_28)
FNDA:1,(anonymous_29)
FNDA:9,(anonymous_30)
FNDA:0,(anonymous_31)
FNDA:0,(anonymous_32)
FNDA:7,resultToRecord
FNDA:8,(anonymous_34)
FNDA:11,getSchemas
FNDA:12,(anonymous_36)
FNDA:6,(anonymous_37)
FNDA:42,(anonymous_38)
FNDA:8,formatValues
FNDA:9,(anonymous_40)
FNDA:14,(anonymous_41)
FNDA:3,(anonymous_42)
FNDA:4,(anonymous_43)
FNDA:24,(anonymous_44)
FNDA:0,(anonymous_45)
FNDA:37,(anonymous_46)
FNDA:2,(anonymous_47)
DA:7,1
DA:8,1
DA:9,1
DA:10,1
DA:11,1
DA:18,1
DA:19,4
DA:20,4
DA:22,4
DA:23,4
DA:31,1
DA:32,4
DA:33,4
DA:34,4
DA:35,2
DA:36,2
DA:38,2
DA:40,2
DA:43,4
DA:46,4
DA:48,0
DA:57,1
DA:58,2
DA:59,0
DA:62,2
DA:64,2
DA:65,2
DA:77,1
DA:78,3
DA:79,3
DA:90,1
DA:91,0
DA:100,1
DA:101,3
DA:102,3
DA:110,1
DA:111,3
DA:121,1
DA:122,2
DA:123,2
DA:132,1
DA:133,1
DA:145,1
DA:146,1
DA:147,1
DA:158,1
DA:159,0
DA:167,1
DA:169,1
DA:172,1
DA:173,0
DA:174,1
DA:175,1
DA:177,0
DA:186,1
DA:188,12
DA:189,6
DA:190,6
DA:192,6
DA:193,0
DA:194,6
DA:195,5
DA:197,1
DA:200,6
DA:201,6
DA:212,1
DA:213,13
DA:214,13
DA:215,13
DA:216,3
DA:217,3
DA:218,3
DA:219,3
DA:220,3
DA:224,10
DA:225,7
DA:226,7
DA:227,7
DA:228,3
DA:229,3
DA:230,3
DA:231,3
DA:232,3
DA:233,3
DA:238,0
DA:254,1
DA:255,3
DA:258,3
DA:259,3
DA:261,3
DA:271,3
DA:272,3
DA:274,3
DA:276,3
DA:278,3
DA:279,0
DA:280,0
DA:281,0
DA:282,0
DA:283,0
DA:284,0
DA:285,0
DA:286,0
DA:293,0
DA:294,0
DA:295,0
DA:296,0
DA:297,0
DA:299,0
DA:304,3
DA:305,3
DA:306,3
DA:308,0
DA:309,0
DA:310,0
DA:311,0
DA:312,0
DA:315,0
DA:316,0
DA:320,3
DA:321,3
DA:322,3
DA:324,3
DA:326,3
DA:328,3
DA:330,3
DA:331,3
DA:333,3
DA:335,3
DA:337,3
DA:340,3
DA:351,3
DA:360,1
DA:361,2
DA:363,2
DA:364,0
DA:365,0
DA:368,2
DA:370,2
DA:371,2
DA:373,2
DA:375,0
DA:383,1
DA:384,1
DA:386,1
DA:389,1
DA:391,1
DA:393,1
DA:400,1
DA:401,1
DA:403,1
DA:405,1
DA:407,1
DA:415,1
DA:416,1
DA:418,1
DA:419,0
DA:420,0
DA:423,1
DA:424,1
DA:425,2
DA:428,1
DA:430,1
DA:443,1
DA:444,9
DA:447,9
DA:448,3
DA:449,3
DA:450,3
DA:451,3
DA:452,3
DA:456,9
DA:457,9
DA:458,9
DA:461,9
DA:463,9
DA:468,4
DA:471,4
DA:474,4
DA:475,4
DA:479,4
DA:480,2
DA:484,4
DA:485,3
DA:488,4
DA:491,3
DA:492,3
DA:493,18
DA:495,18
DA:498,18
DA:499,18
DA:500,3
DA:501,15
DA:502,3
DA:503,12
DA:504,3
DA:505,9
DA:506,9
DA:508,0
DA:513,3
DA:514,3
DA:516,3
DA:519,2
DA:520,2
DA:521,4
DA:524,4
DA:525,4
DA:526,2
DA:527,2
DA:528,2
DA:529,0
DA:530,0
DA:531,0
DA:532,0
DA:534,0
DA:539,2
DA:540,2
DA:543,2
DA:544,2
DA:547,2
DA:551,9
DA:554,9
DA:556,9
DA:564,1
DA:565,2
DA:566,2
DA:574,1
DA:575,2
DA:577,2
DA:578,2
DA:586,1
DA:587,1
DA:589,1
DA:591,1
DA:598,1
DA:599,9
DA:605,1
DA:606,0
DA:607,0
DA:608,0
DA:614,1
DA:615,0
DA:616,0
DA:617,0
DA:620,1
DA:621,7
DA:623,7
DA:624,1
DA:627,7
DA:628,8
DA:633,8
DA:635,8
DA:638,7
DA:641,1
DA:642,11
DA:643,11
DA:644,11
DA:645,11
DA:647,11
DA:649,6
DA:652,6
DA:653,6
DA:654,6
DA:655,12
DA:656,6
DA:661,6
DA:662,6
DA:663,6
DA:664,6
DA:665,6
DA:666,42
DA:667,42
DA:668,42
DA:670,42
DA:674,5
DA:675,5
DA:679,5
DA:680,5
DA:683,42
DA:690,6
DA:693,6
DA:694,6
DA:697,1
DA:698,8
DA:699,8
DA:700,8
DA:701,8
DA:702,8
DA:703,8
DA:704,8
DA:706,8
DA:708,7
DA:709,7
DA:711,7
DA:712,1
DA:713,1
DA:717,6
DA:718,6
DA:720,6
DA:721,6
DA:724,6
DA:725,6
DA:726,9
DA:727,9
DA:729,5
DA:730,5
DA:731,5
DA:734,4
DA:739,6
DA:740,6
DA:742,14
DA:743,0
DA:744,0
DA:747,14
DA:748,14
DA:749,14
DA:751,14
DA:752,7
DA:753,7
DA:754,7
DA:755,6
DA:757,7
DA:758,1
DA:759,3
DA:765,6
DA:771,7
DA:772,3
DA:773,4
DA:774,24
DA:781,4
DA:789,6
DA:790,0
DA:792,6
DA:793,6
DA:794,37
DA:795,37
DA:796,37
DA:797,8
DA:798,8
DA:803,6
DA:804,2
DA:806,4
DA:808,4
DA:810,4
DA:811,8
DA:816,4
DA:817,4
DA:818,4
DA:819,4
DA:820,4
DA:822,4
DA:824,4
DA:828,6
DA:830,6
DA:833,1
DA:834,1
LF:356
LH:307
BRDA:19,1,0,4
BRDA:19,1,1,0
BRDA:22,2,0,4
BRDA:22,2,1,0
BRDA:33,3,0,4
BRDA:33,3,1,0
BRDA:34,4,0,2
BRDA:34,4,1,2
BRDA:34,5,0,4
BRDA:34,5,1,4
BRDA:58,6,0,0
BRDA:58,6,1,2
BRDA:62,7,0,2
BRDA:62,7,1,0
BRDA:172,8,0,0
BRDA:172,8,1,1
BRDA:174,9,0,1
BRDA:174,9,1,0
BRDA:188,10,0,6
BRDA:188,10,1,6
BRDA:192,11,0,0
BRDA:192,11,1,6
BRDA:194,12,0,5
BRDA:194,12,1,1
BRDA:201,13,0,6
BRDA:201,13,1,0
BRDA:215,14,0,3
BRDA:215,14,1,10
BRDA:219,15,0,3
BRDA:219,15,1,0
BRDA:224,16,0,7
BRDA:224,16,1,3
BRDA:228,17,0,3
BRDA:228,17,1,0
BRDA:232,18,0,3
BRDA:232,18,1,0
BRDA:271,19,0,3
BRDA:271,19,1,0
BRDA:272,20,0,3
BRDA:272,20,1,0
BRDA:278,21,0,0
BRDA:278,21,1,3
BRDA:284,22,0,0
BRDA:284,22,1,0
BRDA:296,23,0,0
BRDA:296,23,1,0
BRDA:304,24,0,3
BRDA:304,24,1,0
BRDA:309,25,0,0
BRDA:309,25,1,0
BRDA:309,26,0,0
BRDA:309,26,1,0
BRDA:324,27,0,3
BRDA:324,27,1,0
BRDA:363,28,0,0
BRDA:363,28,1,2
BRDA:386,29,0,1
BRDA:386,29,1,0
BRDA:403,30,0,1
BRDA:403,30,1,0
BRDA:418,31,0,0
BRDA:418,31,1,1
BRDA:428,32,0,1
BRDA:428,32,1,1
BRDA:447,33,0,3
BRDA:447,33,1,6
BRDA:456,34,0,4
BRDA:456,34,1,5
BRDA:456,35,0,9
BRDA:456,35,1,4
BRDA:457,36,0,2
BRDA:457,36,1,7
BRDA:457,37,0,9
BRDA:457,37,1,2
BRDA:458,38,0,2
BRDA:458,38,1,7
BRDA:458,39,0,9
BRDA:458,39,1,2
BRDA:463,40,0,3
BRDA:463,40,1,4
BRDA:463,40,2,3
BRDA:463,40,3,2
BRDA:468,41,0,1
BRDA:468,41,1,3
BRDA:468,42,0,4
BRDA:468,42,1,1
BRDA:474,43,0,4
BRDA:474,43,1,0
BRDA:479,44,0,2
BRDA:479,44,1,2
BRDA:484,45,0,3
BRDA:484,45,1,1
BRDA:493,46,0,0
BRDA:493,46,1,18
BRDA:499,47,0,3
BRDA:499,47,1,15
BRDA:501,48,0,3
BRDA:501,48,1,12
BRDA:503,49,0,3
BRDA:503,49,1,9
BRDA:504,50,0,2
BRDA:504,50,1,1
BRDA:505,51,0,9
BRDA:505,51,1,0
BRDA:521,52,0,0
BRDA:521,52,1,4
BRDA:525,53,0,2
BRDA:525,53,1,2
BRDA:527,54,0,2
BRDA:527,54,1,0
BRDA:529,55,0,0
BRDA:529,55,1,0
BRDA:530,56,0,0
BRDA:530,56,1,0
BRDA:531,57,0,0
BRDA:531,57,1,0
BRDA:543,58,0,2
BRDA:543,58,1,0
BRDA:566,59,0,2
BRDA:566,59,1,0
BRDA:575,60,0,2
BRDA:575,60,1,0
BRDA:578,61,0,2
BRDA:578,61,1,0
BRDA:599,62,0,0
BRDA:599,62,1,9
BRDA:623,63,0,1
BRDA:623,63,1,6
BRDA:638,64,0,6
BRDA:638,64,1,1
BRDA:647,65,0,5
BRDA:647,65,1,6
BRDA:647,66,0,11
BRDA:647,66,1,9
BRDA:655,67,0,6
BRDA:655,67,1,6
BRDA:670,68,0,0
BRDA:670,68,1,5
BRDA:670,68,2,0
BRDA:670,68,3,5
BRDA:706,69,0,1
BRDA:706,69,1,7
BRDA:706,70,0,8
BRDA:706,70,1,7
BRDA:706,70,2,7
BRDA:706,70,3,7
BRDA:711,71,0,1
BRDA:711,71,1,6
BRDA:727,72,0,5
BRDA:727,72,1,4
BRDA:742,73,0,0
BRDA:742,73,1,14
BRDA:751,74,0,7
BRDA:751,74,1,7
BRDA:754,75,0,6
BRDA:754,75,1,1
BRDA:757,76,0,1
BRDA:757,76,1,6
BRDA:771,77,0,3
BRDA:771,77,1,4
BRDA:789,78,0,0
BRDA:789,78,1,6
BRDA:794,79,0,37
BRDA:794,79,1,0
BRDA:794,80,0,37
BRDA:794,80,1,37
BRDA:796,81,0,8
BRDA:796,81,1,29
BRDA:796,82,0,37
BRDA:796,82,1,37
BRDA:803,83,0,2
BRDA:803,83,1,4
BRF:172
BRH:122
end_of_record
TN:
SF:/Users/liubin/Projects/nodejs/sync-sqlite/lib/helper.js
FN:8,(anonymous_1)
FN:23,(anonymous_2)
FN:41,(anonymous_3)
FNF:3
FNH:2
FNDA:22,(anonymous_1)
FNDA:5,(anonymous_2)
FNDA:0,(anonymous_3)
DA:1,1
DA:8,1
DA:9,22
DA:10,22
DA:11,5
DA:12,5
DA:15,22
DA:23,1
DA:24,5
DA:25,5
DA:32,5
DA:41,1
DA:42,0
DA:43,0
DA:45,0
DA:49,1
LF:16
LH:13
BRDA:9,1,0,0
BRDA:9,1,1,22
BRDA:10,2,0,5
BRDA:10,2,1,17
BRDA:42,3,0,0
BRDA:42,3,1,0
BRF:6
BRH:3
end_of_record
